<?xml version="1.0" encoding="UTF-8"?>
<!-- Generated by org.testng.reporters.JUnitReportReporter -->
<testsuite hostname="LAPTOP-8VD40C3U" name="com.crm.qa.testcases.FlightTestCases" tests="4" failures="0" timestamp="24 May 2023 11:19:33 GMT" time="17.149" errors="0">
  <testcase name="TC003_CheckifLogoisPresent" time="0.087" classname="com.crm.qa.testcases.FlightTestCases"/>
  <testcase name="TC001_CheckifLogoisPresent" time="0.183" classname="com.crm.qa.testcases.FlightTestCases"/>
  <testcase name="TC004_SelectFlightName" time="9.752" classname="com.crm.qa.testcases.FlightTestCases"/>
  <testcase name="TC002_SelectFlightOption" time="7.127" classname="com.crm.qa.testcases.FlightTestCases"/>
</testsuite> <!-- com.crm.qa.testcases.FlightTestCases -->
